2024-02-24T22:07:54.787Z [user-service] error:  Internal Server Error catched by errorMiddleware : Error : undefined : Error: You are not authorized to access this route
    at new AppError (file:///D:/full%20stack%20developer/Express/lms-h/server/utils/appError.js:7:15)
    at file:///D:/full%20stack%20developer/Express/lms-h/server/middlewares/auth.middleware.js:40:21
    at file:///D:/full%20stack%20developer/Express/lms-h/server/middlewares/asyncHandler.middleware.js:3:9
    at Layer.handle [as handle_request] (D:\full stack developer\Express\lms-h\server\node_modules\express\lib\router\layer.js:95:5)
    at next (D:\full stack developer\Express\lms-h\server\node_modules\express\lib\router\route.js:144:13)
    at isLoggedIn (file:///D:/full%20stack%20developer/Express/lms-h/server/middlewares/auth.middleware.js:17:9)
    at Layer.handle [as handle_request] (D:\full stack developer\Express\lms-h\server\node_modules\express\lib\router\layer.js:95:5)
    at next (D:\full stack developer\Express\lms-h\server\node_modules\express\lib\router\route.js:144:13)
    at Route.dispatch (D:\full stack developer\Express\lms-h\server\node_modules\express\lib\router\route.js:114:3)
    at Layer.handle [as handle_request] (D:\full stack developer\Express\lms-h\server\node_modules\express\lib\router\layer.js:95:5)
    at D:\full stack developer\Express\lms-h\server\node_modules\express\lib\router\index.js:284:15
    at param (D:\full stack developer\Express\lms-h\server\node_modules\express\lib\router\index.js:365:14)
    at param (D:\full stack developer\Express\lms-h\server\node_modules\express\lib\router\index.js:376:14)
    at Function.process_params (D:\full stack developer\Express\lms-h\server\node_modules\express\lib\router\index.js:421:3)
    at next (D:\full stack developer\Express\lms-h\server\node_modules\express\lib\router\index.js:280:10)
    at expressInit (D:\full stack developer\Express\lms-h\server\node_modules\express\lib\middleware\init.js:40:5)
    at Layer.handle [as handle_request] (D:\full stack developer\Express\lms-h\server\node_modules\express\lib\router\layer.js:95:5)
    at trim_prefix (D:\full stack developer\Express\lms-h\server\node_modules\express\lib\router\index.js:328:13)
    at D:\full stack developer\Express\lms-h\server\node_modules\express\lib\router\index.js:286:9
    at Function.process_params (D:\full stack developer\Express\lms-h\server\node_modules\express\lib\router\index.js:346:12)
    at next (D:\full stack developer\Express\lms-h\server\node_modules\express\lib\router\index.js:280:10)
    at query (D:\full stack developer\Express\lms-h\server\node_modules\express\lib\middleware\query.js:45:5)
2024-02-24T22:35:32.353Z [user-service] error:  Internal Server Error catched by errorMiddleware : Error : undefined : Error: payment.remove is not a function
    at new AppError (file:///D:/full%20stack%20developer/Express/lms-h/server/utils/appError.js:7:15)
    at cancelSubscription (file:///D:/full%20stack%20developer/Express/lms-h/server/controllers/payment.controller.js:160:21)
    at process.processTicksAndRejections (node:internal/process/task_queues:95:5)
2024-02-24T22:46:11.668Z [user-service] error:  Internal Server Error catched by errorMiddleware : Error : undefined : Error: payment.remove is not a function
    at new AppError (file:///D:/full%20stack%20developer/Express/lms-h/server/utils/appError.js:7:15)
    at cancelSubscription (file:///D:/full%20stack%20developer/Express/lms-h/server/controllers/payment.controller.js:161:21)
    at process.processTicksAndRejections (node:internal/process/task_queues:95:5)
2024-06-26T05:01:15.349Z [user-service] error:  Internal Server Error catched by errorMiddleware : Error : undefined : Error: Please login to continue
    at new AppError (file:///D:/full%20stack%20developer/Express/lms-h/server/utils/appError.js:7:15)
    at isLoggedIn (file:///D:/full%20stack%20developer/Express/lms-h/server/middlewares/auth.middleware.js:12:21)
    at Layer.handle [as handle_request] (D:\full stack developer\Express\lms-h\server\node_modules\express\lib\router\layer.js:95:5)
    at next (D:\full stack developer\Express\lms-h\server\node_modules\express\lib\router\route.js:144:13)
    at Route.dispatch (D:\full stack developer\Express\lms-h\server\node_modules\express\lib\router\route.js:114:3)
    at Layer.handle [as handle_request] (D:\full stack developer\Express\lms-h\server\node_modules\express\lib\router\layer.js:95:5)
    at D:\full stack developer\Express\lms-h\server\node_modules\express\lib\router\index.js:284:15
    at param (D:\full stack developer\Express\lms-h\server\node_modules\express\lib\router\index.js:365:14)
    at param (D:\full stack developer\Express\lms-h\server\node_modules\express\lib\router\index.js:376:14)
    at Function.process_params (D:\full stack developer\Express\lms-h\server\node_modules\express\lib\router\index.js:421:3)
    at next (D:\full stack developer\Express\lms-h\server\node_modules\express\lib\router\index.js:280:10)
    at expressInit (D:\full stack developer\Express\lms-h\server\node_modules\express\lib\middleware\init.js:40:5)
    at Layer.handle [as handle_request] (D:\full stack developer\Express\lms-h\server\node_modules\express\lib\router\layer.js:95:5)
    at trim_prefix (D:\full stack developer\Express\lms-h\server\node_modules\express\lib\router\index.js:328:13)
    at D:\full stack developer\Express\lms-h\server\node_modules\express\lib\router\index.js:286:9
    at Function.process_params (D:\full stack developer\Express\lms-h\server\node_modules\express\lib\router\index.js:346:12)
    at next (D:\full stack developer\Express\lms-h\server\node_modules\express\lib\router\index.js:280:10)
    at query (D:\full stack developer\Express\lms-h\server\node_modules\express\lib\middleware\query.js:45:5)
    at Layer.handle [as handle_request] (D:\full stack developer\Express\lms-h\server\node_modules\express\lib\router\layer.js:95:5)
    at trim_prefix (D:\full stack developer\Express\lms-h\server\node_modules\express\lib\router\index.js:328:13)
    at D:\full stack developer\Express\lms-h\server\node_modules\express\lib\router\index.js:286:9
    at Function.process_params (D:\full stack developer\Express\lms-h\server\node_modules\express\lib\router\index.js:346:12)
2024-06-26T05:01:22.419Z [user-service] error:  Internal Server Error catched by errorMiddleware : Error : undefined : Error: Please login to continue
    at new AppError (file:///D:/full%20stack%20developer/Express/lms-h/server/utils/appError.js:7:15)
    at isLoggedIn (file:///D:/full%20stack%20developer/Express/lms-h/server/middlewares/auth.middleware.js:12:21)
    at Layer.handle [as handle_request] (D:\full stack developer\Express\lms-h\server\node_modules\express\lib\router\layer.js:95:5)
    at next (D:\full stack developer\Express\lms-h\server\node_modules\express\lib\router\route.js:144:13)
    at Route.dispatch (D:\full stack developer\Express\lms-h\server\node_modules\express\lib\router\route.js:114:3)
    at Layer.handle [as handle_request] (D:\full stack developer\Express\lms-h\server\node_modules\express\lib\router\layer.js:95:5)
    at D:\full stack developer\Express\lms-h\server\node_modules\express\lib\router\index.js:284:15
    at param (D:\full stack developer\Express\lms-h\server\node_modules\express\lib\router\index.js:365:14)
    at param (D:\full stack developer\Express\lms-h\server\node_modules\express\lib\router\index.js:376:14)
    at Function.process_params (D:\full stack developer\Express\lms-h\server\node_modules\express\lib\router\index.js:421:3)
    at next (D:\full stack developer\Express\lms-h\server\node_modules\express\lib\router\index.js:280:10)
    at expressInit (D:\full stack developer\Express\lms-h\server\node_modules\express\lib\middleware\init.js:40:5)
    at Layer.handle [as handle_request] (D:\full stack developer\Express\lms-h\server\node_modules\express\lib\router\layer.js:95:5)
    at trim_prefix (D:\full stack developer\Express\lms-h\server\node_modules\express\lib\router\index.js:328:13)
    at D:\full stack developer\Express\lms-h\server\node_modules\express\lib\router\index.js:286:9
    at Function.process_params (D:\full stack developer\Express\lms-h\server\node_modules\express\lib\router\index.js:346:12)
    at next (D:\full stack developer\Express\lms-h\server\node_modules\express\lib\router\index.js:280:10)
    at query (D:\full stack developer\Express\lms-h\server\node_modules\express\lib\middleware\query.js:45:5)
    at Layer.handle [as handle_request] (D:\full stack developer\Express\lms-h\server\node_modules\express\lib\router\layer.js:95:5)
    at trim_prefix (D:\full stack developer\Express\lms-h\server\node_modules\express\lib\router\index.js:328:13)
    at D:\full stack developer\Express\lms-h\server\node_modules\express\lib\router\index.js:286:9
    at Function.process_params (D:\full stack developer\Express\lms-h\server\node_modules\express\lib\router\index.js:346:12)
2024-06-26T05:01:45.943Z [user-service] error:  Internal Server Error catched by errorMiddleware : Error : undefined : Error: Please login to continue
    at new AppError (file:///D:/full%20stack%20developer/Express/lms-h/server/utils/appError.js:7:15)
    at isLoggedIn (file:///D:/full%20stack%20developer/Express/lms-h/server/middlewares/auth.middleware.js:12:21)
    at Layer.handle [as handle_request] (D:\full stack developer\Express\lms-h\server\node_modules\express\lib\router\layer.js:95:5)
    at next (D:\full stack developer\Express\lms-h\server\node_modules\express\lib\router\route.js:144:13)
    at Route.dispatch (D:\full stack developer\Express\lms-h\server\node_modules\express\lib\router\route.js:114:3)
    at Layer.handle [as handle_request] (D:\full stack developer\Express\lms-h\server\node_modules\express\lib\router\layer.js:95:5)
    at D:\full stack developer\Express\lms-h\server\node_modules\express\lib\router\index.js:284:15
    at param (D:\full stack developer\Express\lms-h\server\node_modules\express\lib\router\index.js:365:14)
    at param (D:\full stack developer\Express\lms-h\server\node_modules\express\lib\router\index.js:376:14)
    at Function.process_params (D:\full stack developer\Express\lms-h\server\node_modules\express\lib\router\index.js:421:3)
    at next (D:\full stack developer\Express\lms-h\server\node_modules\express\lib\router\index.js:280:10)
    at expressInit (D:\full stack developer\Express\lms-h\server\node_modules\express\lib\middleware\init.js:40:5)
    at Layer.handle [as handle_request] (D:\full stack developer\Express\lms-h\server\node_modules\express\lib\router\layer.js:95:5)
    at trim_prefix (D:\full stack developer\Express\lms-h\server\node_modules\express\lib\router\index.js:328:13)
    at D:\full stack developer\Express\lms-h\server\node_modules\express\lib\router\index.js:286:9
    at Function.process_params (D:\full stack developer\Express\lms-h\server\node_modules\express\lib\router\index.js:346:12)
    at next (D:\full stack developer\Express\lms-h\server\node_modules\express\lib\router\index.js:280:10)
    at query (D:\full stack developer\Express\lms-h\server\node_modules\express\lib\middleware\query.js:45:5)
    at Layer.handle [as handle_request] (D:\full stack developer\Express\lms-h\server\node_modules\express\lib\router\layer.js:95:5)
    at trim_prefix (D:\full stack developer\Express\lms-h\server\node_modules\express\lib\router\index.js:328:13)
    at D:\full stack developer\Express\lms-h\server\node_modules\express\lib\router\index.js:286:9
    at Function.process_params (D:\full stack developer\Express\lms-h\server\node_modules\express\lib\router\index.js:346:12)
2024-06-26T05:01:53.448Z [user-service] error:  Internal Server Error catched by errorMiddleware : Error : undefined : Error: Please login to continue
    at new AppError (file:///D:/full%20stack%20developer/Express/lms-h/server/utils/appError.js:7:15)
    at isLoggedIn (file:///D:/full%20stack%20developer/Express/lms-h/server/middlewares/auth.middleware.js:12:21)
    at Layer.handle [as handle_request] (D:\full stack developer\Express\lms-h\server\node_modules\express\lib\router\layer.js:95:5)
    at next (D:\full stack developer\Express\lms-h\server\node_modules\express\lib\router\route.js:144:13)
    at Route.dispatch (D:\full stack developer\Express\lms-h\server\node_modules\express\lib\router\route.js:114:3)
    at Layer.handle [as handle_request] (D:\full stack developer\Express\lms-h\server\node_modules\express\lib\router\layer.js:95:5)
    at D:\full stack developer\Express\lms-h\server\node_modules\express\lib\router\index.js:284:15
    at param (D:\full stack developer\Express\lms-h\server\node_modules\express\lib\router\index.js:365:14)
    at param (D:\full stack developer\Express\lms-h\server\node_modules\express\lib\router\index.js:376:14)
    at Function.process_params (D:\full stack developer\Express\lms-h\server\node_modules\express\lib\router\index.js:421:3)
    at next (D:\full stack developer\Express\lms-h\server\node_modules\express\lib\router\index.js:280:10)
    at expressInit (D:\full stack developer\Express\lms-h\server\node_modules\express\lib\middleware\init.js:40:5)
    at Layer.handle [as handle_request] (D:\full stack developer\Express\lms-h\server\node_modules\express\lib\router\layer.js:95:5)
    at trim_prefix (D:\full stack developer\Express\lms-h\server\node_modules\express\lib\router\index.js:328:13)
    at D:\full stack developer\Express\lms-h\server\node_modules\express\lib\router\index.js:286:9
    at Function.process_params (D:\full stack developer\Express\lms-h\server\node_modules\express\lib\router\index.js:346:12)
    at next (D:\full stack developer\Express\lms-h\server\node_modules\express\lib\router\index.js:280:10)
    at query (D:\full stack developer\Express\lms-h\server\node_modules\express\lib\middleware\query.js:45:5)
    at Layer.handle [as handle_request] (D:\full stack developer\Express\lms-h\server\node_modules\express\lib\router\layer.js:95:5)
    at trim_prefix (D:\full stack developer\Express\lms-h\server\node_modules\express\lib\router\index.js:328:13)
    at D:\full stack developer\Express\lms-h\server\node_modules\express\lib\router\index.js:286:9
    at Function.process_params (D:\full stack developer\Express\lms-h\server\node_modules\express\lib\router\index.js:346:12)
2024-06-26T05:03:50.831Z [user-service] error:  Internal Server Error catched by errorMiddleware : Error : undefined : Error: Please login to continue
    at new AppError (file:///D:/full%20stack%20developer/Express/lms-h/server/utils/appError.js:7:15)
    at isLoggedIn (file:///D:/full%20stack%20developer/Express/lms-h/server/middlewares/auth.middleware.js:12:21)
    at Layer.handle [as handle_request] (D:\full stack developer\Express\lms-h\server\node_modules\express\lib\router\layer.js:95:5)
    at next (D:\full stack developer\Express\lms-h\server\node_modules\express\lib\router\route.js:144:13)
    at Route.dispatch (D:\full stack developer\Express\lms-h\server\node_modules\express\lib\router\route.js:114:3)
    at Layer.handle [as handle_request] (D:\full stack developer\Express\lms-h\server\node_modules\express\lib\router\layer.js:95:5)
    at D:\full stack developer\Express\lms-h\server\node_modules\express\lib\router\index.js:284:15
    at param (D:\full stack developer\Express\lms-h\server\node_modules\express\lib\router\index.js:365:14)
    at param (D:\full stack developer\Express\lms-h\server\node_modules\express\lib\router\index.js:376:14)
    at Function.process_params (D:\full stack developer\Express\lms-h\server\node_modules\express\lib\router\index.js:421:3)
    at next (D:\full stack developer\Express\lms-h\server\node_modules\express\lib\router\index.js:280:10)
    at expressInit (D:\full stack developer\Express\lms-h\server\node_modules\express\lib\middleware\init.js:40:5)
    at Layer.handle [as handle_request] (D:\full stack developer\Express\lms-h\server\node_modules\express\lib\router\layer.js:95:5)
    at trim_prefix (D:\full stack developer\Express\lms-h\server\node_modules\express\lib\router\index.js:328:13)
    at D:\full stack developer\Express\lms-h\server\node_modules\express\lib\router\index.js:286:9
    at Function.process_params (D:\full stack developer\Express\lms-h\server\node_modules\express\lib\router\index.js:346:12)
    at next (D:\full stack developer\Express\lms-h\server\node_modules\express\lib\router\index.js:280:10)
    at query (D:\full stack developer\Express\lms-h\server\node_modules\express\lib\middleware\query.js:45:5)
    at Layer.handle [as handle_request] (D:\full stack developer\Express\lms-h\server\node_modules\express\lib\router\layer.js:95:5)
    at trim_prefix (D:\full stack developer\Express\lms-h\server\node_modules\express\lib\router\index.js:328:13)
    at D:\full stack developer\Express\lms-h\server\node_modules\express\lib\router\index.js:286:9
    at Function.process_params (D:\full stack developer\Express\lms-h\server\node_modules\express\lib\router\index.js:346:12)
2024-06-26T05:04:08.409Z [user-service] error:  Internal Server Error catched by errorMiddleware : Error : undefined : Error: Please login to continue
    at new AppError (file:///D:/full%20stack%20developer/Express/lms-h/server/utils/appError.js:7:15)
    at isLoggedIn (file:///D:/full%20stack%20developer/Express/lms-h/server/middlewares/auth.middleware.js:12:21)
    at Layer.handle [as handle_request] (D:\full stack developer\Express\lms-h\server\node_modules\express\lib\router\layer.js:95:5)
    at next (D:\full stack developer\Express\lms-h\server\node_modules\express\lib\router\route.js:144:13)
    at Route.dispatch (D:\full stack developer\Express\lms-h\server\node_modules\express\lib\router\route.js:114:3)
    at Layer.handle [as handle_request] (D:\full stack developer\Express\lms-h\server\node_modules\express\lib\router\layer.js:95:5)
    at D:\full stack developer\Express\lms-h\server\node_modules\express\lib\router\index.js:284:15
    at param (D:\full stack developer\Express\lms-h\server\node_modules\express\lib\router\index.js:365:14)
    at param (D:\full stack developer\Express\lms-h\server\node_modules\express\lib\router\index.js:376:14)
    at Function.process_params (D:\full stack developer\Express\lms-h\server\node_modules\express\lib\router\index.js:421:3)
    at next (D:\full stack developer\Express\lms-h\server\node_modules\express\lib\router\index.js:280:10)
    at expressInit (D:\full stack developer\Express\lms-h\server\node_modules\express\lib\middleware\init.js:40:5)
    at Layer.handle [as handle_request] (D:\full stack developer\Express\lms-h\server\node_modules\express\lib\router\layer.js:95:5)
    at trim_prefix (D:\full stack developer\Express\lms-h\server\node_modules\express\lib\router\index.js:328:13)
    at D:\full stack developer\Express\lms-h\server\node_modules\express\lib\router\index.js:286:9
    at Function.process_params (D:\full stack developer\Express\lms-h\server\node_modules\express\lib\router\index.js:346:12)
    at next (D:\full stack developer\Express\lms-h\server\node_modules\express\lib\router\index.js:280:10)
    at query (D:\full stack developer\Express\lms-h\server\node_modules\express\lib\middleware\query.js:45:5)
    at Layer.handle [as handle_request] (D:\full stack developer\Express\lms-h\server\node_modules\express\lib\router\layer.js:95:5)
    at trim_prefix (D:\full stack developer\Express\lms-h\server\node_modules\express\lib\router\index.js:328:13)
    at D:\full stack developer\Express\lms-h\server\node_modules\express\lib\router\index.js:286:9
    at Function.process_params (D:\full stack developer\Express\lms-h\server\node_modules\express\lib\router\index.js:346:12)
2024-08-19T13:27:26.350Z [user-service] error:  Internal Server Error catched by errorMiddleware : SyntaxError : undefined : SyntaxError: Expected property name or '}' in JSON at position 7
    at JSON.parse (<anonymous>)
    at parse (D:\Learning-Management-System BE\server\node_modules\body-parser\lib\types\json.js:89:19)
    at D:\Learning-Management-System BE\server\node_modules\body-parser\lib\read.js:128:18
    at AsyncResource.runInAsyncScope (node:async_hooks:206:9)
    at invokeCallback (D:\Learning-Management-System BE\server\node_modules\raw-body\index.js:231:16)
    at done (D:\Learning-Management-System BE\server\node_modules\raw-body\index.js:220:7)
    at IncomingMessage.onEnd (D:\Learning-Management-System BE\server\node_modules\raw-body\index.js:280:7)
    at IncomingMessage.emit (node:events:519:28)
    at endReadableNT (node:internal/streams/readable:1696:12)
    at process.processTicksAndRejections (node:internal/process/task_queues:82:21)
2024-08-19T13:27:52.095Z [user-service] error:  Internal Server Error catched by errorMiddleware : SyntaxError : undefined : SyntaxError: Expected property name or '}' in JSON at position 7
    at JSON.parse (<anonymous>)
    at parse (D:\Learning-Management-System BE\server\node_modules\body-parser\lib\types\json.js:89:19)
    at D:\Learning-Management-System BE\server\node_modules\body-parser\lib\read.js:128:18
    at AsyncResource.runInAsyncScope (node:async_hooks:206:9)
    at invokeCallback (D:\Learning-Management-System BE\server\node_modules\raw-body\index.js:231:16)
    at done (D:\Learning-Management-System BE\server\node_modules\raw-body\index.js:220:7)
    at IncomingMessage.onEnd (D:\Learning-Management-System BE\server\node_modules\raw-body\index.js:280:7)
    at IncomingMessage.emit (node:events:519:28)
    at endReadableNT (node:internal/streams/readable:1696:12)
    at process.processTicksAndRejections (node:internal/process/task_queues:82:21)
2024-08-19T13:28:30.647Z [user-service] error:  Internal Server Error catched by errorMiddleware : SyntaxError : undefined : SyntaxError: Expected property name or '}' in JSON at position 7
    at JSON.parse (<anonymous>)
    at parse (D:\Learning-Management-System BE\server\node_modules\body-parser\lib\types\json.js:89:19)
    at D:\Learning-Management-System BE\server\node_modules\body-parser\lib\read.js:128:18
    at AsyncResource.runInAsyncScope (node:async_hooks:206:9)
    at invokeCallback (D:\Learning-Management-System BE\server\node_modules\raw-body\index.js:231:16)
    at done (D:\Learning-Management-System BE\server\node_modules\raw-body\index.js:220:7)
    at IncomingMessage.onEnd (D:\Learning-Management-System BE\server\node_modules\raw-body\index.js:280:7)
    at IncomingMessage.emit (node:events:519:28)
    at endReadableNT (node:internal/streams/readable:1696:12)
    at process.processTicksAndRejections (node:internal/process/task_queues:82:21)
2024-08-20T09:26:38.670Z [user-service] error:  Internal Server Error catched by errorMiddleware : SyntaxError : undefined : SyntaxError: Expected property name or '}' in JSON at position 7
    at JSON.parse (<anonymous>)
    at parse (D:\Learning-Management-System BE\server\node_modules\body-parser\lib\types\json.js:89:19)
    at D:\Learning-Management-System BE\server\node_modules\body-parser\lib\read.js:128:18
    at AsyncResource.runInAsyncScope (node:async_hooks:206:9)
    at invokeCallback (D:\Learning-Management-System BE\server\node_modules\raw-body\index.js:231:16)
    at done (D:\Learning-Management-System BE\server\node_modules\raw-body\index.js:220:7)
    at IncomingMessage.onEnd (D:\Learning-Management-System BE\server\node_modules\raw-body\index.js:280:7)
    at IncomingMessage.emit (node:events:519:28)
    at endReadableNT (node:internal/streams/readable:1696:12)
    at process.processTicksAndRejections (node:internal/process/task_queues:82:21)
2024-08-20T09:26:47.024Z [user-service] error:  Internal Server Error catched by errorMiddleware : SyntaxError : undefined : SyntaxError: Expected property name or '}' in JSON at position 7
    at JSON.parse (<anonymous>)
    at parse (D:\Learning-Management-System BE\server\node_modules\body-parser\lib\types\json.js:89:19)
    at D:\Learning-Management-System BE\server\node_modules\body-parser\lib\read.js:128:18
    at AsyncResource.runInAsyncScope (node:async_hooks:206:9)
    at invokeCallback (D:\Learning-Management-System BE\server\node_modules\raw-body\index.js:231:16)
    at done (D:\Learning-Management-System BE\server\node_modules\raw-body\index.js:220:7)
    at IncomingMessage.onEnd (D:\Learning-Management-System BE\server\node_modules\raw-body\index.js:280:7)
    at IncomingMessage.emit (node:events:519:28)
    at endReadableNT (node:internal/streams/readable:1696:12)
    at process.processTicksAndRejections (node:internal/process/task_queues:82:21)
